<?xml version="1.0" encoding="UTF-8"?>
<!-- Generated by org.testng.reporters.JUnitXMLReporter -->
<testsuite hostname="SANTOSH" ignored="0" name="Test" tests="1" failures="1" timestamp="06 Mar 2023 19:18:46 GMT" time="0.027" errors="0">
  <testcase name="registrationTestByParameter" time="0.0" classname="knowledgeware_Page_Tests.Register_One_Page_XML_DataProvider">
    <failure type="org.testng.TestNGException" message="
Method registrationTestByParameter requires 23 parameters but 23 were supplied in the @Test annotation.">
      <![CDATA[org.testng.TestNGException: 
Method registrationTestByParameter requires 23 parameters but 23 were supplied in the @Test annotation.
... Removed 24 stack frames]]>
    </failure>
  </testcase> <!-- registrationTestByParameter -->
</testsuite> <!-- Test -->
